<?xml version="1.0" encoding="UTF-8"?>
<!-- Generated by org.testng.reporters.JUnitXMLReporter -->
<testsuite hostname="LAPTOP-E8GTUNSA" name="Test" tests="4" failures="0" timestamp="7 May 2017 01:48:46 GMT" time="17.891" errors="0">
  <testcase name="enterSearchDetails" time="0.588" classname="VerifyPriceDetailsDriver.VerifyPrice"/>
  <testcase name="getSearchResultsCount" time="3.983" classname="VerifyPriceDetailsDriver.VerifyPrice"/>
  <testcase name="getPagePrice" time="3.809" classname="VerifyPriceDetailsDriver.VerifyPrice"/>
  <testcase name="verifyPriceDetails" time="3.023" classname="VerifyPriceDetailsDriver.VerifyPrice"/>
</testsuite> <!-- Test -->
